# JRE version: OpenJDK Runtime Environment (21.0.9) (build 21.0.9+-14649483-b1163.86)
# Java VM: OpenJDK 64-Bit Server VM (21.0.9+-14649483-b1163.86, mixed mode, tiered, compressed oops, compressed class ptrs, g1 gc, windows-amd64)
GC Precious Log:
 CardTable entry size: 512
 Card Set container configuration: InlinePtr #cards 4 size 8 Array Of Cards #cards 32 size 80 Howl #buckets 8 coarsen threshold 7372 Howl Bitmap #cards 1024 size 144 coarsen threshold 921 Card regions per heap region 1 cards per card region 8192
 CPUs: 12 total, 12 available
 Memory: 7498M
 Large Page Support: Disabled
 NUMA Support: Disabled
 Compressed Oops: Enabled (Zero based)
 Heap Region Size: 4M
 Heap Min Capacity: 8M
 Heap Initial Capacity: 120M
 Heap Max Capacity: 8G
 Pre-touch: Disabled
 Parallel Workers: 10
 Concurrent Workers: 3
 Concurrent Refinement Workers: 10
 Periodic GC: Disabled
Heap:
 garbage-first heap   total 614400K, used 499569K [0x0000000600000000, 0x0000000800000000)
  region size 4096K, 85 young (348160K), 0 survivors (0K)
 Metaspace       used 192150K, committed 197824K, reserved 1310720K
  class space    used 24635K, committed 27008K, reserved 1048576K
GC Heap History (20 events):
Event: 5519.918 GC heap after
{Heap after GC invocations=161 (full 0):
 garbage-first heap   total 942080K, used 271629K [0x0000000600000000, 0x0000000800000000)
  region size 4096K, 5 young (20480K), 5 survivors (20480K)
 Metaspace       used 233792K, committed 236544K, reserved 1310720K
  class space    used 29953K, committed 31296K, reserved 1048576K
}
Event: 5651.552 GC heap before
{Heap before GC invocations=161 (full 0):
 garbage-first heap   total 942080K, used 447757K [0x0000000600000000, 0x0000000800000000)
  region size 4096K, 49 young (200704K), 5 survivors (20480K)
 Metaspace       used 233874K, committed 236672K, reserved 1310720K
  class space    used 29954K, committed 31296K, reserved 1048576K
}
Event: 5651.801 GC heap after
{Heap after GC invocations=162 (full 0):
 garbage-first heap   total 942080K, used 279679K [0x0000000600000000, 0x0000000800000000)
  region size 4096K, 5 young (20480K), 5 survivors (20480K)
 Metaspace       used 233874K, committed 236672K, reserved 1310720K
  class space    used 29954K, committed 31296K, reserved 1048576K
}
Event: 5657.408 GC heap before
{Heap before GC invocations=163 (full 0):
 garbage-first heap   total 942080K, used 431231K [0x0000000600000000, 0x0000000800000000)
  region size 4096K, 35 young (143360K), 5 survivors (20480K)
 Metaspace       used 208003K, committed 211840K, reserved 1310720K
  class space    used 26770K, committed 28608K, reserved 1048576K
}
Event: 5657.455 GC heap after
{Heap after GC invocations=164 (full 0):
 garbage-first heap   total 942080K, used 288346K [0x0000000600000000, 0x0000000800000000)
  region size 4096K, 5 young (20480K), 5 survivors (20480K)
 Metaspace       used 208003K, committed 211840K, reserved 1310720K
  class space    used 26770K, committed 28608K, reserved 1048576K
}
Event: 5661.137 GC heap before
{Heap before GC invocations=164 (full 0):
 garbage-first heap   total 942080K, used 439898K [0x0000000600000000, 0x0000000800000000)
  region size 4096K, 43 young (176128K), 5 survivors (20480K)
 Metaspace       used 208024K, committed 211840K, reserved 1310720K
  class space    used 26770K, committed 28608K, reserved 1048576K
}
Event: 5661.170 GC heap after
{Heap after GC invocations=165 (full 0):
 garbage-first heap   total 942080K, used 285541K [0x0000000600000000, 0x0000000800000000)
  region size 4096K, 4 young (16384K), 4 survivors (16384K)
 Metaspace       used 208024K, committed 211840K, reserved 1310720K
  class space    used 26770K, committed 28608K, reserved 1048576K
}
Event: 5674.015 GC heap before
{Heap before GC invocations=165 (full 0):
 garbage-first heap   total 942080K, used 514917K [0x0000000600000000, 0x0000000800000000)
  region size 4096K, 61 young (249856K), 4 survivors (16384K)
 Metaspace       used 216932K, committed 219648K, reserved 1310720K
  class space    used 27753K, committed 29120K, reserved 1048576K
}
Event: 5674.067 GC heap after
{Heap after GC invocations=166 (full 0):
 garbage-first heap   total 942080K, used 298687K [0x0000000600000000, 0x0000000800000000)
  region size 4096K, 8 young (32768K), 8 survivors (32768K)
 Metaspace       used 216932K, committed 219648K, reserved 1310720K
  class space    used 27753K, committed 29120K, reserved 1048576K
}
Event: 5679.469 GC heap before
{Heap before GC invocations=166 (full 0):
 garbage-first heap   total 942080K, used 454335K [0x0000000600000000, 0x0000000800000000)
  region size 4096K, 47 young (192512K), 8 survivors (32768K)
 Metaspace       used 217335K, committed 220096K, reserved 1310720K
  class space    used 27792K, committed 29120K, reserved 1048576K
}
Event: 5679.509 GC heap after
{Heap after GC invocations=167 (full 0):
 garbage-first heap   total 942080K, used 293640K [0x0000000600000000, 0x0000000800000000)
  region size 4096K, 2 young (8192K), 2 survivors (8192K)
 Metaspace       used 217335K, committed 220096K, reserved 1310720K
  class space    used 27792K, committed 29120K, reserved 1048576K
}
Event: 5686.302 GC heap before
{Heap before GC invocations=167 (full 0):
 garbage-first heap   total 942080K, used 625416K [0x0000000600000000, 0x0000000800000000)
  region size 4096K, 84 young (344064K), 2 survivors (8192K)
 Metaspace       used 234037K, committed 236800K, reserved 1310720K
  class space    used 29953K, committed 31296K, reserved 1048576K
}
Event: 5686.345 GC heap after
{Heap after GC invocations=168 (full 0):
 garbage-first heap   total 942080K, used 298875K [0x0000000600000000, 0x0000000800000000)
  region size 4096K, 4 young (16384K), 4 survivors (16384K)
 Metaspace       used 234037K, committed 236800K, reserved 1310720K
  class space    used 29953K, committed 31296K, reserved 1048576K
}
Event: 5694.685 GC heap before
{Heap before GC invocations=168 (full 0):
 garbage-first heap   total 942080K, used 667515K [0x0000000600000000, 0x0000000800000000)
  region size 4096K, 95 young (389120K), 4 survivors (16384K)
 Metaspace       used 234226K, committed 237056K, reserved 1310720K
  class space    used 29958K, committed 31360K, reserved 1048576K
}
Event: 5694.748 GC heap after
{Heap after GC invocations=169 (full 0):
 garbage-first heap   total 942080K, used 293672K [0x0000000600000000, 0x0000000800000000)
  region size 4096K, 4 young (16384K), 4 survivors (16384K)
 Metaspace       used 234226K, committed 237056K, reserved 1310720K
  class space    used 29958K, committed 31360K, reserved 1048576K
}
Event: 5728.626 GC heap before
{Heap before GC invocations=169 (full 0):
 garbage-first heap   total 942080K, used 580392K [0x0000000600000000, 0x0000000800000000)
  region size 4096K, 74 young (303104K), 4 survivors (16384K)
 Metaspace       used 234331K, committed 237120K, reserved 1310720K
  class space    used 29959K, committed 31360K, reserved 1048576K
}
Event: 5728.743 GC heap after
{Heap after GC invocations=170 (full 0):
 garbage-first heap   total 942080K, used 301951K [0x0000000600000000, 0x0000000800000000)
  region size 4096K, 6 young (24576K), 6 survivors (24576K)
 Metaspace       used 234331K, committed 237120K, reserved 1310720K
  class space    used 29959K, committed 31360K, reserved 1048576K
}
Event: 9331.914 GC heap before
{Heap before GC invocations=171 (full 0):
 garbage-first heap   total 942080K, used 465791K [0x0000000600000000, 0x0000000800000000)
  region size 4096K, 50 young (204800K), 6 survivors (24576K)
 Metaspace       used 234357K, committed 237184K, reserved 1310720K
  class space    used 29959K, committed 31360K, reserved 1048576K
}
Event: 9335.281 GC heap after
{Heap after GC invocations=172 (full 1):
 garbage-first heap   total 614400K, used 154701K [0x0000000600000000, 0x0000000800000000)
  region size 4096K, 0 young (0K), 0 survivors (0K)
 Metaspace       used 192108K, committed 197824K, reserved 1310720K
  class space    used 24634K, committed 27008K, reserved 1048576K
}
Event: 15506.629 GC heap before
{Heap before GC invocations=172 (full 1):
 garbage-first heap   total 614400K, used 494669K [0x0000000600000000, 0x0000000800000000)
  region size 4096K, 85 young (348160K), 0 survivors (0K)
 Metaspace       used 192150K, committed 197824K, reserved 1310720K
  class space    used 24635K, committed 27008K, reserved 1048576K
}

